[2.217s] Invoking command in '/home/bao/my_tf_broadcaster': PYTHONPATH=/home/bao/my_tf_broadcaster/build/my_tf_broadcaster/prefix_override:/usr/lib/python3/dist-packages/colcon_core/task/python/colcon_distutils_commands:/home/bao/my_tf_broadcaster/install/my_tf_broadcaster/lib/python3.10/site-packages:${PYTHONPATH} /usr/bin/python3 -W ignore:setup.py install is deprecated setup.py egg_info --egg-base build/my_tf_broadcaster build --build-base /home/bao/my_tf_broadcaster/build/my_tf_broadcaster/build install --record /home/bao/my_tf_broadcaster/build/my_tf_broadcaster/install.log --single-version-externally-managed install_data
[2.641s] running egg_info
[2.665s] writing build/my_tf_broadcaster/my_tf_broadcaster.egg-info/PKG-INFO
[2.667s] writing dependency_links to build/my_tf_broadcaster/my_tf_broadcaster.egg-info/dependency_links.txt
[2.667s] writing entry points to build/my_tf_broadcaster/my_tf_broadcaster.egg-info/entry_points.txt
[2.667s] writing requirements to build/my_tf_broadcaster/my_tf_broadcaster.egg-info/requires.txt
[2.667s] writing top-level names to build/my_tf_broadcaster/my_tf_broadcaster.egg-info/top_level.txt
[2.702s] reading manifest file 'build/my_tf_broadcaster/my_tf_broadcaster.egg-info/SOURCES.txt'
[2.718s] writing manifest file 'build/my_tf_broadcaster/my_tf_broadcaster.egg-info/SOURCES.txt'
[2.718s] running build
[2.719s] running build_py
[2.719s] copying my_tf_broadcaster/odom_to_tf.py -> /home/bao/my_tf_broadcaster/build/my_tf_broadcaster/build/lib/my_tf_broadcaster
[2.719s] running install
[2.724s] running install_lib
[2.738s] copying /home/bao/my_tf_broadcaster/build/my_tf_broadcaster/build/lib/my_tf_broadcaster/odom_to_tf.py -> /home/bao/my_tf_broadcaster/install/my_tf_broadcaster/lib/python3.10/site-packages/my_tf_broadcaster
[2.738s] byte-compiling /home/bao/my_tf_broadcaster/install/my_tf_broadcaster/lib/python3.10/site-packages/my_tf_broadcaster/odom_to_tf.py to odom_to_tf.cpython-310.pyc
[2.739s] running install_data
[2.740s] running install_egg_info
[2.755s] removing '/home/bao/my_tf_broadcaster/install/my_tf_broadcaster/lib/python3.10/site-packages/my_tf_broadcaster-0.0.0-py3.10.egg-info' (and everything under it)
[2.755s] Copying build/my_tf_broadcaster/my_tf_broadcaster.egg-info to /home/bao/my_tf_broadcaster/install/my_tf_broadcaster/lib/python3.10/site-packages/my_tf_broadcaster-0.0.0-py3.10.egg-info
[2.762s] running install_scripts
[2.820s] Installing odom_to_tf script to /home/bao/my_tf_broadcaster/install/my_tf_broadcaster/lib/my_tf_broadcaster
[2.820s] writing list of installed files to '/home/bao/my_tf_broadcaster/build/my_tf_broadcaster/install.log'
[2.871s] Invoked command in '/home/bao/my_tf_broadcaster' returned '0': PYTHONPATH=/home/bao/my_tf_broadcaster/build/my_tf_broadcaster/prefix_override:/usr/lib/python3/dist-packages/colcon_core/task/python/colcon_distutils_commands:/home/bao/my_tf_broadcaster/install/my_tf_broadcaster/lib/python3.10/site-packages:${PYTHONPATH} /usr/bin/python3 -W ignore:setup.py install is deprecated setup.py egg_info --egg-base build/my_tf_broadcaster build --build-base /home/bao/my_tf_broadcaster/build/my_tf_broadcaster/build install --record /home/bao/my_tf_broadcaster/build/my_tf_broadcaster/install.log --single-version-externally-managed install_data
