[0.949s] DEBUG:colcon:Command line arguments: ['/usr/bin/colcon', 'build']
[0.950s] DEBUG:colcon:Parsed command line arguments: Namespace(log_base=None, log_level=None, verb_name='build', build_base='build', install_base='install', merge_install=False, symlink_install=False, test_result_base=None, continue_on_error=False, executor='parallel', parallel_workers=12, event_handlers=None, ignore_user_meta=False, metas=['./colcon.meta'], base_paths=['.'], packages_ignore=None, packages_ignore_regex=None, paths=None, packages_up_to=None, packages_up_to_regex=None, packages_above=None, packages_above_and_dependencies=None, packages_above_depth=None, packages_select_by_dep=None, packages_skip_by_dep=None, packages_skip_up_to=None, packages_select_build_failed=False, packages_skip_build_finished=False, packages_select_test_failures=False, packages_skip_test_passed=False, packages_select=None, packages_skip=None, packages_select_regex=None, packages_skip_regex=None, packages_start=None, packages_end=None, allow_overriding=[], cmake_args=None, cmake_target=None, cmake_target_skip_unavailable=False, cmake_clean_cache=False, cmake_clean_first=False, cmake_force_configure=False, ament_cmake_args=None, catkin_cmake_args=None, catkin_skip_building_tests=False, mixin_files=None, mixin=None, verb_parser=<colcon_mixin.mixin.mixin_argument.MixinArgumentDecorator object at 0x7af3c5b07c70>, verb_extension=<colcon_core.verb.build.BuildVerb object at 0x7af3c5c80430>, main=<bound method BuildVerb.main of <colcon_core.verb.build.BuildVerb object at 0x7af3c5c80430>>, mixin_verb=('build',))
[1.870s] Level 1:colcon.colcon_core.package_discovery:discover_packages(colcon_meta) check parameters
[1.870s] Level 1:colcon.colcon_core.package_discovery:discover_packages(recursive) check parameters
[1.870s] Level 1:colcon.colcon_core.package_discovery:discover_packages(ignore) check parameters
[1.870s] Level 1:colcon.colcon_core.package_discovery:discover_packages(path) check parameters
[1.870s] Level 1:colcon.colcon_core.package_discovery:discover_packages(colcon_meta) discover
[1.870s] Level 1:colcon.colcon_core.package_discovery:discover_packages(recursive) discover
[1.870s] INFO:colcon.colcon_core.package_discovery:Crawling recursively for packages in '/home/bao/my_tf_broadcaster'
[1.871s] Level 1:colcon.colcon_core.package_identification:_identify(.) by extensions ['ignore', 'ignore_ament_install']
[1.871s] Level 1:colcon.colcon_core.package_identification:_identify(.) by extension 'ignore'
[1.871s] Level 1:colcon.colcon_core.package_identification:_identify(.) by extension 'ignore_ament_install'
[1.871s] Level 1:colcon.colcon_core.package_identification:_identify(.) by extensions ['colcon_pkg']
[1.871s] Level 1:colcon.colcon_core.package_identification:_identify(.) by extension 'colcon_pkg'
[1.871s] Level 1:colcon.colcon_core.package_identification:_identify(.) by extensions ['colcon_meta']
[1.871s] Level 1:colcon.colcon_core.package_identification:_identify(.) by extension 'colcon_meta'
[1.871s] Level 1:colcon.colcon_core.package_identification:_identify(.) by extensions ['ros']
[1.871s] Level 1:colcon.colcon_core.package_identification:_identify(.) by extension 'ros'
[2.141s] DEBUG:colcon.colcon_core.package_identification:Package '.' with type 'ros.ament_python' and name 'my_tf_broadcaster'
[2.141s] Level 1:colcon.colcon_core.package_discovery:discover_packages(recursive) using defaults
[2.141s] Level 1:colcon.colcon_core.package_discovery:discover_packages(ignore) discover
[2.141s] Level 1:colcon.colcon_core.package_discovery:discover_packages(ignore) using defaults
[2.141s] Level 1:colcon.colcon_core.package_discovery:discover_packages(path) discover
[2.141s] Level 1:colcon.colcon_core.package_discovery:discover_packages(path) using defaults
[2.318s] Level 1:colcon.colcon_core.package_discovery:discover_packages(prefix_path) check parameters
[2.318s] Level 1:colcon.colcon_core.package_discovery:discover_packages(prefix_path) discover
[2.367s] DEBUG:colcon.colcon_installed_package_information.package_discovery:Found 1 installed packages in /home/bao/my_tf_broadcaster/install
[2.372s] DEBUG:colcon.colcon_installed_package_information.package_discovery:Found 418 installed packages in /opt/ros/humble
[2.377s] Level 1:colcon.colcon_core.package_discovery:discover_packages(prefix_path) using defaults
[2.454s] Level 5:colcon.colcon_core.verb:set package 'my_tf_broadcaster' build argument 'cmake_args' from command line to 'None'
[2.455s] Level 5:colcon.colcon_core.verb:set package 'my_tf_broadcaster' build argument 'cmake_target' from command line to 'None'
[2.455s] Level 5:colcon.colcon_core.verb:set package 'my_tf_broadcaster' build argument 'cmake_target_skip_unavailable' from command line to 'False'
[2.455s] Level 5:colcon.colcon_core.verb:set package 'my_tf_broadcaster' build argument 'cmake_clean_cache' from command line to 'False'
[2.455s] Level 5:colcon.colcon_core.verb:set package 'my_tf_broadcaster' build argument 'cmake_clean_first' from command line to 'False'
[2.455s] Level 5:colcon.colcon_core.verb:set package 'my_tf_broadcaster' build argument 'cmake_force_configure' from command line to 'False'
[2.455s] Level 5:colcon.colcon_core.verb:set package 'my_tf_broadcaster' build argument 'ament_cmake_args' from command line to 'None'
[2.455s] Level 5:colcon.colcon_core.verb:set package 'my_tf_broadcaster' build argument 'catkin_cmake_args' from command line to 'None'
[2.455s] Level 5:colcon.colcon_core.verb:set package 'my_tf_broadcaster' build argument 'catkin_skip_building_tests' from command line to 'False'
[2.455s] DEBUG:colcon.colcon_core.verb:Building package 'my_tf_broadcaster' with the following arguments: {'ament_cmake_args': None, 'build_base': '/home/bao/my_tf_broadcaster/build/my_tf_broadcaster', 'catkin_cmake_args': None, 'catkin_skip_building_tests': False, 'cmake_args': None, 'cmake_clean_cache': False, 'cmake_clean_first': False, 'cmake_force_configure': False, 'cmake_target': None, 'cmake_target_skip_unavailable': False, 'install_base': '/home/bao/my_tf_broadcaster/install/my_tf_broadcaster', 'merge_install': False, 'path': '/home/bao/my_tf_broadcaster', 'symlink_install': False, 'test_result_base': None}
[2.455s] INFO:colcon.colcon_core.executor:Executing jobs using 'parallel' executor
[2.456s] DEBUG:colcon.colcon_parallel_executor.executor.parallel:run_until_complete
[2.456s] INFO:colcon.colcon_ros.task.ament_python.build:Building ROS package in '/home/bao/my_tf_broadcaster' with build type 'ament_python'
[2.456s] Level 1:colcon.colcon_core.shell:create_environment_hook('my_tf_broadcaster', 'ament_prefix_path')
[2.547s] INFO:colcon.colcon_core.plugin_system:Skipping extension 'colcon_core.shell.bat': Not used on non-Windows systems
[2.548s] INFO:colcon.colcon_core.shell:Creating environment hook '/home/bao/my_tf_broadcaster/install/my_tf_broadcaster/share/my_tf_broadcaster/hook/ament_prefix_path.ps1'
[2.706s] INFO:colcon.colcon_core.shell:Creating environment descriptor '/home/bao/my_tf_broadcaster/install/my_tf_broadcaster/share/my_tf_broadcaster/hook/ament_prefix_path.dsv'
[2.727s] INFO:colcon.colcon_core.shell:Creating environment hook '/home/bao/my_tf_broadcaster/install/my_tf_broadcaster/share/my_tf_broadcaster/hook/ament_prefix_path.sh'
[2.778s] INFO:colcon.colcon_core.shell:Skip shell extension 'powershell' for command environment: Not usable outside of PowerShell
[2.778s] DEBUG:colcon.colcon_core.shell:Skip shell extension 'dsv' for command environment
[3.325s] INFO:colcon.colcon_core.task.python.build:Building Python package in '/home/bao/my_tf_broadcaster'
[3.325s] INFO:colcon.colcon_core.shell:Skip shell extension 'powershell' for command environment: Not usable outside of PowerShell
[3.325s] DEBUG:colcon.colcon_core.shell:Skip shell extension 'dsv' for command environment
[21.063s] DEBUG:colcon.colcon_core.event_handler.log_command:Invoking command in '/home/bao/my_tf_broadcaster': PYTHONPATH=/home/bao/my_tf_broadcaster/build/my_tf_broadcaster/prefix_override:/usr/lib/python3/dist-packages/colcon_core/task/python/colcon_distutils_commands:/home/bao/my_tf_broadcaster/install/my_tf_broadcaster/lib/python3.10/site-packages:${PYTHONPATH} /usr/bin/python3 -W ignore:setup.py install is deprecated setup.py egg_info --egg-base build/my_tf_broadcaster build --build-base /home/bao/my_tf_broadcaster/build/my_tf_broadcaster/build install --record /home/bao/my_tf_broadcaster/build/my_tf_broadcaster/install.log --single-version-externally-managed install_data
[21.967s] DEBUG:colcon.colcon_core.event_handler.log_command:Invoked command in '/home/bao/my_tf_broadcaster' returned '0': PYTHONPATH=/home/bao/my_tf_broadcaster/build/my_tf_broadcaster/prefix_override:/usr/lib/python3/dist-packages/colcon_core/task/python/colcon_distutils_commands:/home/bao/my_tf_broadcaster/install/my_tf_broadcaster/lib/python3.10/site-packages:${PYTHONPATH} /usr/bin/python3 -W ignore:setup.py install is deprecated setup.py egg_info --egg-base build/my_tf_broadcaster build --build-base /home/bao/my_tf_broadcaster/build/my_tf_broadcaster/build install --record /home/bao/my_tf_broadcaster/build/my_tf_broadcaster/install.log --single-version-externally-managed install_data
[22.420s] Level 1:colcon.colcon_core.environment:checking '/home/bao/my_tf_broadcaster/install/my_tf_broadcaster' for CMake module files
[22.489s] Level 1:colcon.colcon_core.environment:checking '/home/bao/my_tf_broadcaster/install/my_tf_broadcaster' for CMake config files
[22.619s] Level 1:colcon.colcon_core.environment:checking '/home/bao/my_tf_broadcaster/install/my_tf_broadcaster/lib'
[22.620s] Level 1:colcon.colcon_core.environment:checking '/home/bao/my_tf_broadcaster/install/my_tf_broadcaster/bin'
[22.620s] Level 1:colcon.colcon_core.environment:checking '/home/bao/my_tf_broadcaster/install/my_tf_broadcaster/lib/pkgconfig/my_tf_broadcaster.pc'
[22.620s] Level 1:colcon.colcon_core.environment:checking '/home/bao/my_tf_broadcaster/install/my_tf_broadcaster/lib/python3.10/site-packages'
[22.621s] Level 1:colcon.colcon_core.shell:create_environment_hook('my_tf_broadcaster', 'pythonpath')
[22.621s] INFO:colcon.colcon_core.shell:Creating environment hook '/home/bao/my_tf_broadcaster/install/my_tf_broadcaster/share/my_tf_broadcaster/hook/pythonpath.ps1'
[22.622s] INFO:colcon.colcon_core.shell:Creating environment descriptor '/home/bao/my_tf_broadcaster/install/my_tf_broadcaster/share/my_tf_broadcaster/hook/pythonpath.dsv'
[22.623s] INFO:colcon.colcon_core.shell:Creating environment hook '/home/bao/my_tf_broadcaster/install/my_tf_broadcaster/share/my_tf_broadcaster/hook/pythonpath.sh'
[22.624s] Level 1:colcon.colcon_core.environment:checking '/home/bao/my_tf_broadcaster/install/my_tf_broadcaster/bin'
[22.624s] Level 1:colcon.colcon_core.environment:create_environment_scripts_only(my_tf_broadcaster)
[22.625s] INFO:colcon.colcon_core.shell:Creating package script '/home/bao/my_tf_broadcaster/install/my_tf_broadcaster/share/my_tf_broadcaster/package.ps1'
[22.664s] INFO:colcon.colcon_core.shell:Creating package descriptor '/home/bao/my_tf_broadcaster/install/my_tf_broadcaster/share/my_tf_broadcaster/package.dsv'
[22.710s] INFO:colcon.colcon_core.shell:Creating package script '/home/bao/my_tf_broadcaster/install/my_tf_broadcaster/share/my_tf_broadcaster/package.sh'
[22.723s] INFO:colcon.colcon_core.shell:Creating package script '/home/bao/my_tf_broadcaster/install/my_tf_broadcaster/share/my_tf_broadcaster/package.bash'
[22.770s] INFO:colcon.colcon_core.shell:Creating package script '/home/bao/my_tf_broadcaster/install/my_tf_broadcaster/share/my_tf_broadcaster/package.zsh'
[22.834s] Level 1:colcon.colcon_core.environment:create_file_with_runtime_dependencies(/home/bao/my_tf_broadcaster/install/my_tf_broadcaster/share/colcon-core/packages/my_tf_broadcaster)
[22.835s] DEBUG:colcon.colcon_parallel_executor.executor.parallel:closing loop
[22.836s] DEBUG:colcon.colcon_parallel_executor.executor.parallel:loop closed
[22.836s] DEBUG:colcon.colcon_parallel_executor.executor.parallel:run_until_complete finished with '0'
[22.836s] DEBUG:colcon.colcon_core.event_reactor:joining thread
[23.080s] INFO:colcon.colcon_core.plugin_system:Skipping extension 'colcon_notification.desktop_notification.terminal_notifier': Not used on non-Darwin systems
[23.080s] INFO:colcon.colcon_core.plugin_system:Skipping extension 'colcon_notification.desktop_notification.win32': Not used on non-Windows systems
[23.081s] INFO:colcon.colcon_notification.desktop_notification:Sending desktop notification using 'notify2'
[23.102s] DEBUG:colcon.colcon_core.event_reactor:joined thread
[23.103s] INFO:colcon.colcon_core.shell:Creating prefix script '/home/bao/my_tf_broadcaster/install/local_setup.ps1'
[23.113s] INFO:colcon.colcon_core.shell:Creating prefix util module '/home/bao/my_tf_broadcaster/install/_local_setup_util_ps1.py'
[23.143s] INFO:colcon.colcon_core.shell:Creating prefix chain script '/home/bao/my_tf_broadcaster/install/setup.ps1'
[23.175s] INFO:colcon.colcon_core.shell:Creating prefix script '/home/bao/my_tf_broadcaster/install/local_setup.sh'
[23.430s] INFO:colcon.colcon_core.shell:Creating prefix util module '/home/bao/my_tf_broadcaster/install/_local_setup_util_sh.py'
[23.431s] INFO:colcon.colcon_core.shell:Creating prefix chain script '/home/bao/my_tf_broadcaster/install/setup.sh'
[23.449s] INFO:colcon.colcon_core.shell:Creating prefix script '/home/bao/my_tf_broadcaster/install/local_setup.bash'
[23.456s] INFO:colcon.colcon_core.shell:Creating prefix chain script '/home/bao/my_tf_broadcaster/install/setup.bash'
[23.460s] INFO:colcon.colcon_core.shell:Creating prefix script '/home/bao/my_tf_broadcaster/install/local_setup.zsh'
[23.517s] INFO:colcon.colcon_core.shell:Creating prefix chain script '/home/bao/my_tf_broadcaster/install/setup.zsh'
