[3.940s] Invoking command in '/home/bao/my_tf_broadcaster': PYTHONPATH=/home/bao/my_tf_broadcaster/build/my_tf_broadcaster/prefix_override:/usr/lib/python3/dist-packages/colcon_core/task/python/colcon_distutils_commands:/home/bao/my_tf_broadcaster/install/my_tf_broadcaster/lib/python3.10/site-packages:${PYTHONPATH} /usr/bin/python3 -W ignore:setup.py install is deprecated setup.py egg_info --egg-base build/my_tf_broadcaster build --build-base /home/bao/my_tf_broadcaster/build/my_tf_broadcaster/build install --record /home/bao/my_tf_broadcaster/build/my_tf_broadcaster/install.log --single-version-externally-managed install_data
[4.219s] running egg_info
[4.245s] writing build/my_tf_broadcaster/my_tf_broadcaster.egg-info/PKG-INFO
[4.256s] writing dependency_links to build/my_tf_broadcaster/my_tf_broadcaster.egg-info/dependency_links.txt
[4.257s] writing entry points to build/my_tf_broadcaster/my_tf_broadcaster.egg-info/entry_points.txt
[4.257s] writing requirements to build/my_tf_broadcaster/my_tf_broadcaster.egg-info/requires.txt
[4.257s] writing top-level names to build/my_tf_broadcaster/my_tf_broadcaster.egg-info/top_level.txt
[4.288s] reading manifest file 'build/my_tf_broadcaster/my_tf_broadcaster.egg-info/SOURCES.txt'
[4.302s] writing manifest file 'build/my_tf_broadcaster/my_tf_broadcaster.egg-info/SOURCES.txt'
[4.302s] running build
[4.302s] running build_py
[4.302s] copying my_tf_broadcaster/odom_to_tf.py -> /home/bao/my_tf_broadcaster/build/my_tf_broadcaster/build/lib/my_tf_broadcaster
[4.303s] running install
[4.307s] running install_lib
[4.323s] copying /home/bao/my_tf_broadcaster/build/my_tf_broadcaster/build/lib/my_tf_broadcaster/odom_to_tf.py -> /home/bao/my_tf_broadcaster/install/my_tf_broadcaster/lib/python3.10/site-packages/my_tf_broadcaster
[4.323s] byte-compiling /home/bao/my_tf_broadcaster/install/my_tf_broadcaster/lib/python3.10/site-packages/my_tf_broadcaster/odom_to_tf.py to odom_to_tf.cpython-310.pyc
[4.324s] running install_data
[4.324s] running install_egg_info
[4.340s] removing '/home/bao/my_tf_broadcaster/install/my_tf_broadcaster/lib/python3.10/site-packages/my_tf_broadcaster-0.0.0-py3.10.egg-info' (and everything under it)
[4.341s] Copying build/my_tf_broadcaster/my_tf_broadcaster.egg-info to /home/bao/my_tf_broadcaster/install/my_tf_broadcaster/lib/python3.10/site-packages/my_tf_broadcaster-0.0.0-py3.10.egg-info
[4.356s] running install_scripts
[4.415s] Installing odom_to_tf script to /home/bao/my_tf_broadcaster/install/my_tf_broadcaster/lib/my_tf_broadcaster
[4.416s] writing list of installed files to '/home/bao/my_tf_broadcaster/build/my_tf_broadcaster/install.log'
[4.468s] Invoked command in '/home/bao/my_tf_broadcaster' returned '0': PYTHONPATH=/home/bao/my_tf_broadcaster/build/my_tf_broadcaster/prefix_override:/usr/lib/python3/dist-packages/colcon_core/task/python/colcon_distutils_commands:/home/bao/my_tf_broadcaster/install/my_tf_broadcaster/lib/python3.10/site-packages:${PYTHONPATH} /usr/bin/python3 -W ignore:setup.py install is deprecated setup.py egg_info --egg-base build/my_tf_broadcaster build --build-base /home/bao/my_tf_broadcaster/build/my_tf_broadcaster/build install --record /home/bao/my_tf_broadcaster/build/my_tf_broadcaster/install.log --single-version-externally-managed install_data
