[1.005s] Invoking command in '/home/bao/my_tf_broadcaster': PYTHONPATH=/home/bao/my_tf_broadcaster/build/my_tf_broadcaster/prefix_override:/usr/lib/python3/dist-packages/colcon_core/task/python/colcon_distutils_commands:/home/bao/my_tf_broadcaster/install/my_tf_broadcaster/lib/python3.10/site-packages:${PYTHONPATH} /usr/bin/python3 -W ignore:setup.py install is deprecated setup.py egg_info --egg-base build/my_tf_broadcaster build --build-base /home/bao/my_tf_broadcaster/build/my_tf_broadcaster/build install --record /home/bao/my_tf_broadcaster/build/my_tf_broadcaster/install.log --single-version-externally-managed install_data
[1.374s] running egg_info
[1.398s] writing build/my_tf_broadcaster/my_tf_broadcaster.egg-info/PKG-INFO
[1.399s] writing dependency_links to build/my_tf_broadcaster/my_tf_broadcaster.egg-info/dependency_links.txt
[1.399s] writing entry points to build/my_tf_broadcaster/my_tf_broadcaster.egg-info/entry_points.txt
[1.399s] writing requirements to build/my_tf_broadcaster/my_tf_broadcaster.egg-info/requires.txt
[1.399s] writing top-level names to build/my_tf_broadcaster/my_tf_broadcaster.egg-info/top_level.txt
[1.428s] reading manifest file 'build/my_tf_broadcaster/my_tf_broadcaster.egg-info/SOURCES.txt'
[1.429s] writing manifest file 'build/my_tf_broadcaster/my_tf_broadcaster.egg-info/SOURCES.txt'
[1.429s] running build
[1.429s] running build_py
[1.430s] copying my_tf_broadcaster/odom_to_tf.py -> /home/bao/my_tf_broadcaster/build/my_tf_broadcaster/build/lib/my_tf_broadcaster
[1.430s] running install
[1.434s] running install_lib
[1.450s] copying /home/bao/my_tf_broadcaster/build/my_tf_broadcaster/build/lib/my_tf_broadcaster/odom_to_tf.py -> /home/bao/my_tf_broadcaster/install/my_tf_broadcaster/lib/python3.10/site-packages/my_tf_broadcaster
[1.451s] byte-compiling /home/bao/my_tf_broadcaster/install/my_tf_broadcaster/lib/python3.10/site-packages/my_tf_broadcaster/odom_to_tf.py to odom_to_tf.cpython-310.pyc
[1.451s] running install_data
[1.452s] running install_egg_info
[1.467s] removing '/home/bao/my_tf_broadcaster/install/my_tf_broadcaster/lib/python3.10/site-packages/my_tf_broadcaster-0.0.0-py3.10.egg-info' (and everything under it)
[1.468s] Copying build/my_tf_broadcaster/my_tf_broadcaster.egg-info to /home/bao/my_tf_broadcaster/install/my_tf_broadcaster/lib/python3.10/site-packages/my_tf_broadcaster-0.0.0-py3.10.egg-info
[1.468s] running install_scripts
[1.529s] Installing odom_to_tf script to /home/bao/my_tf_broadcaster/install/my_tf_broadcaster/lib/my_tf_broadcaster
[1.529s] writing list of installed files to '/home/bao/my_tf_broadcaster/build/my_tf_broadcaster/install.log'
[1.583s] Invoked command in '/home/bao/my_tf_broadcaster' returned '0': PYTHONPATH=/home/bao/my_tf_broadcaster/build/my_tf_broadcaster/prefix_override:/usr/lib/python3/dist-packages/colcon_core/task/python/colcon_distutils_commands:/home/bao/my_tf_broadcaster/install/my_tf_broadcaster/lib/python3.10/site-packages:${PYTHONPATH} /usr/bin/python3 -W ignore:setup.py install is deprecated setup.py egg_info --egg-base build/my_tf_broadcaster build --build-base /home/bao/my_tf_broadcaster/build/my_tf_broadcaster/build install --record /home/bao/my_tf_broadcaster/build/my_tf_broadcaster/install.log --single-version-externally-managed install_data
