running egg_info
creating build/my_tf_broadcaster/my_tf_broadcaster.egg-info
writing build/my_tf_broadcaster/my_tf_broadcaster.egg-info/PKG-INFO
writing dependency_links to build/my_tf_broadcaster/my_tf_broadcaster.egg-info/dependency_links.txt
writing entry points to build/my_tf_broadcaster/my_tf_broadcaster.egg-info/entry_points.txt
writing requirements to build/my_tf_broadcaster/my_tf_broadcaster.egg-info/requires.txt
writing top-level names to build/my_tf_broadcaster/my_tf_broadcaster.egg-info/top_level.txt
writing manifest file 'build/my_tf_broadcaster/my_tf_broadcaster.egg-info/SOURCES.txt'
reading manifest file 'build/my_tf_broadcaster/my_tf_broadcaster.egg-info/SOURCES.txt'
writing manifest file 'build/my_tf_broadcaster/my_tf_broadcaster.egg-info/SOURCES.txt'
running build
running build_py
creating /home/bao/my_tf_broadcaster/build/my_tf_broadcaster/build
creating /home/bao/my_tf_broadcaster/build/my_tf_broadcaster/build/lib
creating /home/bao/my_tf_broadcaster/build/my_tf_broadcaster/build/lib/my_tf_broadcaster
copying my_tf_broadcaster/odom_to_tf.py -> /home/bao/my_tf_broadcaster/build/my_tf_broadcaster/build/lib/my_tf_broadcaster
copying my_tf_broadcaster/__init__.py -> /home/bao/my_tf_broadcaster/build/my_tf_broadcaster/build/lib/my_tf_broadcaster
running install
running install_lib
creating /home/bao/my_tf_broadcaster/install/my_tf_broadcaster/lib/python3.10/site-packages/my_tf_broadcaster
copying /home/bao/my_tf_broadcaster/build/my_tf_broadcaster/build/lib/my_tf_broadcaster/odom_to_tf.py -> /home/bao/my_tf_broadcaster/install/my_tf_broadcaster/lib/python3.10/site-packages/my_tf_broadcaster
copying /home/bao/my_tf_broadcaster/build/my_tf_broadcaster/build/lib/my_tf_broadcaster/__init__.py -> /home/bao/my_tf_broadcaster/install/my_tf_broadcaster/lib/python3.10/site-packages/my_tf_broadcaster
byte-compiling /home/bao/my_tf_broadcaster/install/my_tf_broadcaster/lib/python3.10/site-packages/my_tf_broadcaster/odom_to_tf.py to odom_to_tf.cpython-310.pyc
byte-compiling /home/bao/my_tf_broadcaster/install/my_tf_broadcaster/lib/python3.10/site-packages/my_tf_broadcaster/__init__.py to __init__.cpython-310.pyc
running install_data
creating /home/bao/my_tf_broadcaster/install/my_tf_broadcaster/share/ament_index
creating /home/bao/my_tf_broadcaster/install/my_tf_broadcaster/share/ament_index/resource_index
creating /home/bao/my_tf_broadcaster/install/my_tf_broadcaster/share/ament_index/resource_index/packages
copying resource/my_tf_broadcaster -> /home/bao/my_tf_broadcaster/install/my_tf_broadcaster/share/ament_index/resource_index/packages
copying package.xml -> /home/bao/my_tf_broadcaster/install/my_tf_broadcaster/share/my_tf_broadcaster
running install_egg_info
Copying build/my_tf_broadcaster/my_tf_broadcaster.egg-info to /home/bao/my_tf_broadcaster/install/my_tf_broadcaster/lib/python3.10/site-packages/my_tf_broadcaster-0.0.0-py3.10.egg-info
running install_scripts
Installing odom_to_tf script to /home/bao/my_tf_broadcaster/install/my_tf_broadcaster/lib/my_tf_broadcaster
writing list of installed files to '/home/bao/my_tf_broadcaster/build/my_tf_broadcaster/install.log'
