[3.075s] Invoking command in '/home/bao/my_tf_broadcaster': PYTHONPATH=/home/bao/my_tf_broadcaster/build/my_tf_broadcaster/prefix_override:/usr/lib/python3/dist-packages/colcon_core/task/python/colcon_distutils_commands:/home/bao/my_tf_broadcaster/install/my_tf_broadcaster/lib/python3.10/site-packages:${PYTHONPATH} /usr/bin/python3 -W ignore:setup.py install is deprecated setup.py egg_info --egg-base build/my_tf_broadcaster build --build-base /home/bao/my_tf_broadcaster/build/my_tf_broadcaster/build install --record /home/bao/my_tf_broadcaster/build/my_tf_broadcaster/install.log --single-version-externally-managed install_data
[3.525s] running egg_info
[3.526s] creating build/my_tf_broadcaster/my_tf_broadcaster.egg-info
[3.552s] writing build/my_tf_broadcaster/my_tf_broadcaster.egg-info/PKG-INFO
[3.552s] writing dependency_links to build/my_tf_broadcaster/my_tf_broadcaster.egg-info/dependency_links.txt
[3.552s] writing entry points to build/my_tf_broadcaster/my_tf_broadcaster.egg-info/entry_points.txt
[3.552s] writing requirements to build/my_tf_broadcaster/my_tf_broadcaster.egg-info/requires.txt
[3.552s] writing top-level names to build/my_tf_broadcaster/my_tf_broadcaster.egg-info/top_level.txt
[3.553s] writing manifest file 'build/my_tf_broadcaster/my_tf_broadcaster.egg-info/SOURCES.txt'
[3.582s] reading manifest file 'build/my_tf_broadcaster/my_tf_broadcaster.egg-info/SOURCES.txt'
[3.582s] writing manifest file 'build/my_tf_broadcaster/my_tf_broadcaster.egg-info/SOURCES.txt'
[3.583s] running build
[3.583s] running build_py
[3.583s] creating /home/bao/my_tf_broadcaster/build/my_tf_broadcaster/build
[3.583s] creating /home/bao/my_tf_broadcaster/build/my_tf_broadcaster/build/lib
[3.583s] creating /home/bao/my_tf_broadcaster/build/my_tf_broadcaster/build/lib/my_tf_broadcaster
[3.584s] copying my_tf_broadcaster/odom_to_tf.py -> /home/bao/my_tf_broadcaster/build/my_tf_broadcaster/build/lib/my_tf_broadcaster
[3.584s] copying my_tf_broadcaster/__init__.py -> /home/bao/my_tf_broadcaster/build/my_tf_broadcaster/build/lib/my_tf_broadcaster
[3.584s] running install
[3.588s] running install_lib
[3.602s] creating /home/bao/my_tf_broadcaster/install/my_tf_broadcaster/lib/python3.10/site-packages/my_tf_broadcaster
[3.602s] copying /home/bao/my_tf_broadcaster/build/my_tf_broadcaster/build/lib/my_tf_broadcaster/odom_to_tf.py -> /home/bao/my_tf_broadcaster/install/my_tf_broadcaster/lib/python3.10/site-packages/my_tf_broadcaster
[3.602s] copying /home/bao/my_tf_broadcaster/build/my_tf_broadcaster/build/lib/my_tf_broadcaster/__init__.py -> /home/bao/my_tf_broadcaster/install/my_tf_broadcaster/lib/python3.10/site-packages/my_tf_broadcaster
[3.603s] byte-compiling /home/bao/my_tf_broadcaster/install/my_tf_broadcaster/lib/python3.10/site-packages/my_tf_broadcaster/odom_to_tf.py to odom_to_tf.cpython-310.pyc
[3.603s] byte-compiling /home/bao/my_tf_broadcaster/install/my_tf_broadcaster/lib/python3.10/site-packages/my_tf_broadcaster/__init__.py to __init__.cpython-310.pyc
[3.603s] running install_data
[3.603s] creating /home/bao/my_tf_broadcaster/install/my_tf_broadcaster/share/ament_index
[3.603s] creating /home/bao/my_tf_broadcaster/install/my_tf_broadcaster/share/ament_index/resource_index
[3.603s] creating /home/bao/my_tf_broadcaster/install/my_tf_broadcaster/share/ament_index/resource_index/packages
[3.604s] copying resource/my_tf_broadcaster -> /home/bao/my_tf_broadcaster/install/my_tf_broadcaster/share/ament_index/resource_index/packages
[3.604s] copying package.xml -> /home/bao/my_tf_broadcaster/install/my_tf_broadcaster/share/my_tf_broadcaster
[3.604s] running install_egg_info
[3.618s] Copying build/my_tf_broadcaster/my_tf_broadcaster.egg-info to /home/bao/my_tf_broadcaster/install/my_tf_broadcaster/lib/python3.10/site-packages/my_tf_broadcaster-0.0.0-py3.10.egg-info
[3.619s] running install_scripts
[3.675s] Installing odom_to_tf script to /home/bao/my_tf_broadcaster/install/my_tf_broadcaster/lib/my_tf_broadcaster
[3.676s] writing list of installed files to '/home/bao/my_tf_broadcaster/build/my_tf_broadcaster/install.log'
[3.726s] Invoked command in '/home/bao/my_tf_broadcaster' returned '0': PYTHONPATH=/home/bao/my_tf_broadcaster/build/my_tf_broadcaster/prefix_override:/usr/lib/python3/dist-packages/colcon_core/task/python/colcon_distutils_commands:/home/bao/my_tf_broadcaster/install/my_tf_broadcaster/lib/python3.10/site-packages:${PYTHONPATH} /usr/bin/python3 -W ignore:setup.py install is deprecated setup.py egg_info --egg-base build/my_tf_broadcaster build --build-base /home/bao/my_tf_broadcaster/build/my_tf_broadcaster/build install --record /home/bao/my_tf_broadcaster/build/my_tf_broadcaster/install.log --single-version-externally-managed install_data
