[4.619s] DEBUG:colcon:Command line arguments: ['/usr/bin/colcon', 'build']
[4.619s] DEBUG:colcon:Parsed command line arguments: Namespace(log_base=None, log_level=None, verb_name='build', build_base='build', install_base='install', merge_install=False, symlink_install=False, test_result_base=None, continue_on_error=False, executor='parallel', parallel_workers=12, event_handlers=None, ignore_user_meta=False, metas=['./colcon.meta'], base_paths=['.'], packages_ignore=None, packages_ignore_regex=None, paths=None, packages_up_to=None, packages_up_to_regex=None, packages_above=None, packages_above_and_dependencies=None, packages_above_depth=None, packages_select_by_dep=None, packages_skip_by_dep=None, packages_skip_up_to=None, packages_select_build_failed=False, packages_skip_build_finished=False, packages_select_test_failures=False, packages_skip_test_passed=False, packages_select=None, packages_skip=None, packages_select_regex=None, packages_skip_regex=None, packages_start=None, packages_end=None, allow_overriding=[], cmake_args=None, cmake_target=None, cmake_target_skip_unavailable=False, cmake_clean_cache=False, cmake_clean_first=False, cmake_force_configure=False, ament_cmake_args=None, catkin_cmake_args=None, catkin_skip_building_tests=False, mixin_files=None, mixin=None, verb_parser=<colcon_mixin.mixin.mixin_argument.MixinArgumentDecorator object at 0x775fd8843c70>, verb_extension=<colcon_core.verb.build.BuildVerb object at 0x775fd8980430>, main=<bound method BuildVerb.main of <colcon_core.verb.build.BuildVerb object at 0x775fd8980430>>, mixin_verb=('build',))
[13.325s] Level 1:colcon.colcon_core.package_discovery:discover_packages(colcon_meta) check parameters
[13.325s] Level 1:colcon.colcon_core.package_discovery:discover_packages(recursive) check parameters
[13.325s] Level 1:colcon.colcon_core.package_discovery:discover_packages(ignore) check parameters
[13.325s] Level 1:colcon.colcon_core.package_discovery:discover_packages(path) check parameters
[13.325s] Level 1:colcon.colcon_core.package_discovery:discover_packages(colcon_meta) discover
[13.325s] Level 1:colcon.colcon_core.package_discovery:discover_packages(recursive) discover
[13.325s] INFO:colcon.colcon_core.package_discovery:Crawling recursively for packages in '/home/bao/my_tf_broadcaster'
[13.326s] Level 1:colcon.colcon_core.package_identification:_identify(.) by extensions ['ignore', 'ignore_ament_install']
[13.326s] Level 1:colcon.colcon_core.package_identification:_identify(.) by extension 'ignore'
[13.326s] Level 1:colcon.colcon_core.package_identification:_identify(.) by extension 'ignore_ament_install'
[13.326s] Level 1:colcon.colcon_core.package_identification:_identify(.) by extensions ['colcon_pkg']
[13.326s] Level 1:colcon.colcon_core.package_identification:_identify(.) by extension 'colcon_pkg'
[13.326s] Level 1:colcon.colcon_core.package_identification:_identify(.) by extensions ['colcon_meta']
[13.326s] Level 1:colcon.colcon_core.package_identification:_identify(.) by extension 'colcon_meta'
[13.327s] Level 1:colcon.colcon_core.package_identification:_identify(.) by extensions ['ros']
[13.327s] Level 1:colcon.colcon_core.package_identification:_identify(.) by extension 'ros'
[13.462s] DEBUG:colcon.colcon_core.package_identification:Package '.' with type 'ros.ament_python' and name 'my_tf_broadcaster'
[13.462s] Level 1:colcon.colcon_core.package_discovery:discover_packages(recursive) using defaults
[13.462s] Level 1:colcon.colcon_core.package_discovery:discover_packages(ignore) discover
[13.462s] Level 1:colcon.colcon_core.package_discovery:discover_packages(ignore) using defaults
[13.463s] Level 1:colcon.colcon_core.package_discovery:discover_packages(path) discover
[13.463s] Level 1:colcon.colcon_core.package_discovery:discover_packages(path) using defaults
[13.814s] Level 1:colcon.colcon_core.package_discovery:discover_packages(prefix_path) check parameters
[13.814s] Level 1:colcon.colcon_core.package_discovery:discover_packages(prefix_path) discover
[13.888s] DEBUG:colcon.colcon_installed_package_information.package_discovery:Found 1 installed packages in /home/bao/my_tf_broadcaster/install
[13.950s] DEBUG:colcon.colcon_installed_package_information.package_discovery:Found 418 installed packages in /opt/ros/humble
[13.955s] Level 1:colcon.colcon_core.package_discovery:discover_packages(prefix_path) using defaults
[19.554s] Level 5:colcon.colcon_core.verb:set package 'my_tf_broadcaster' build argument 'cmake_args' from command line to 'None'
[19.554s] Level 5:colcon.colcon_core.verb:set package 'my_tf_broadcaster' build argument 'cmake_target' from command line to 'None'
[19.554s] Level 5:colcon.colcon_core.verb:set package 'my_tf_broadcaster' build argument 'cmake_target_skip_unavailable' from command line to 'False'
[19.554s] Level 5:colcon.colcon_core.verb:set package 'my_tf_broadcaster' build argument 'cmake_clean_cache' from command line to 'False'
[19.554s] Level 5:colcon.colcon_core.verb:set package 'my_tf_broadcaster' build argument 'cmake_clean_first' from command line to 'False'
[19.554s] Level 5:colcon.colcon_core.verb:set package 'my_tf_broadcaster' build argument 'cmake_force_configure' from command line to 'False'
[19.554s] Level 5:colcon.colcon_core.verb:set package 'my_tf_broadcaster' build argument 'ament_cmake_args' from command line to 'None'
[19.554s] Level 5:colcon.colcon_core.verb:set package 'my_tf_broadcaster' build argument 'catkin_cmake_args' from command line to 'None'
[19.554s] Level 5:colcon.colcon_core.verb:set package 'my_tf_broadcaster' build argument 'catkin_skip_building_tests' from command line to 'False'
[19.554s] DEBUG:colcon.colcon_core.verb:Building package 'my_tf_broadcaster' with the following arguments: {'ament_cmake_args': None, 'build_base': '/home/bao/my_tf_broadcaster/build/my_tf_broadcaster', 'catkin_cmake_args': None, 'catkin_skip_building_tests': False, 'cmake_args': None, 'cmake_clean_cache': False, 'cmake_clean_first': False, 'cmake_force_configure': False, 'cmake_target': None, 'cmake_target_skip_unavailable': False, 'install_base': '/home/bao/my_tf_broadcaster/install/my_tf_broadcaster', 'merge_install': False, 'path': '/home/bao/my_tf_broadcaster', 'symlink_install': False, 'test_result_base': None}
[19.554s] INFO:colcon.colcon_core.executor:Executing jobs using 'parallel' executor
[19.555s] DEBUG:colcon.colcon_parallel_executor.executor.parallel:run_until_complete
[19.555s] INFO:colcon.colcon_ros.task.ament_python.build:Building ROS package in '/home/bao/my_tf_broadcaster' with build type 'ament_python'
[19.556s] Level 1:colcon.colcon_core.shell:create_environment_hook('my_tf_broadcaster', 'ament_prefix_path')
[19.770s] INFO:colcon.colcon_core.plugin_system:Skipping extension 'colcon_core.shell.bat': Not used on non-Windows systems
[19.771s] INFO:colcon.colcon_core.shell:Creating environment hook '/home/bao/my_tf_broadcaster/install/my_tf_broadcaster/share/my_tf_broadcaster/hook/ament_prefix_path.ps1'
[19.914s] INFO:colcon.colcon_core.shell:Creating environment descriptor '/home/bao/my_tf_broadcaster/install/my_tf_broadcaster/share/my_tf_broadcaster/hook/ament_prefix_path.dsv'
[19.926s] INFO:colcon.colcon_core.shell:Creating environment hook '/home/bao/my_tf_broadcaster/install/my_tf_broadcaster/share/my_tf_broadcaster/hook/ament_prefix_path.sh'
[19.928s] INFO:colcon.colcon_core.shell:Skip shell extension 'powershell' for command environment: Not usable outside of PowerShell
[19.928s] DEBUG:colcon.colcon_core.shell:Skip shell extension 'dsv' for command environment
[20.481s] INFO:colcon.colcon_core.task.python.build:Building Python package in '/home/bao/my_tf_broadcaster'
[20.482s] INFO:colcon.colcon_core.shell:Skip shell extension 'powershell' for command environment: Not usable outside of PowerShell
[20.482s] DEBUG:colcon.colcon_core.shell:Skip shell extension 'dsv' for command environment
[23.496s] DEBUG:colcon.colcon_core.event_handler.log_command:Invoking command in '/home/bao/my_tf_broadcaster': PYTHONPATH=/home/bao/my_tf_broadcaster/build/my_tf_broadcaster/prefix_override:/usr/lib/python3/dist-packages/colcon_core/task/python/colcon_distutils_commands:/home/bao/my_tf_broadcaster/install/my_tf_broadcaster/lib/python3.10/site-packages:${PYTHONPATH} /usr/bin/python3 -W ignore:setup.py install is deprecated setup.py egg_info --egg-base build/my_tf_broadcaster build --build-base /home/bao/my_tf_broadcaster/build/my_tf_broadcaster/build install --record /home/bao/my_tf_broadcaster/build/my_tf_broadcaster/install.log --single-version-externally-managed install_data
[24.024s] DEBUG:colcon.colcon_core.event_handler.log_command:Invoked command in '/home/bao/my_tf_broadcaster' returned '0': PYTHONPATH=/home/bao/my_tf_broadcaster/build/my_tf_broadcaster/prefix_override:/usr/lib/python3/dist-packages/colcon_core/task/python/colcon_distutils_commands:/home/bao/my_tf_broadcaster/install/my_tf_broadcaster/lib/python3.10/site-packages:${PYTHONPATH} /usr/bin/python3 -W ignore:setup.py install is deprecated setup.py egg_info --egg-base build/my_tf_broadcaster build --build-base /home/bao/my_tf_broadcaster/build/my_tf_broadcaster/build install --record /home/bao/my_tf_broadcaster/build/my_tf_broadcaster/install.log --single-version-externally-managed install_data
[24.146s] Level 1:colcon.colcon_core.environment:checking '/home/bao/my_tf_broadcaster/install/my_tf_broadcaster' for CMake module files
[24.147s] Level 1:colcon.colcon_core.environment:checking '/home/bao/my_tf_broadcaster/install/my_tf_broadcaster' for CMake config files
[24.148s] Level 1:colcon.colcon_core.environment:checking '/home/bao/my_tf_broadcaster/install/my_tf_broadcaster/lib'
[24.148s] Level 1:colcon.colcon_core.environment:checking '/home/bao/my_tf_broadcaster/install/my_tf_broadcaster/bin'
[24.149s] Level 1:colcon.colcon_core.environment:checking '/home/bao/my_tf_broadcaster/install/my_tf_broadcaster/lib/pkgconfig/my_tf_broadcaster.pc'
[24.149s] Level 1:colcon.colcon_core.environment:checking '/home/bao/my_tf_broadcaster/install/my_tf_broadcaster/lib/python3.10/site-packages'
[24.149s] Level 1:colcon.colcon_core.shell:create_environment_hook('my_tf_broadcaster', 'pythonpath')
[24.150s] INFO:colcon.colcon_core.shell:Creating environment hook '/home/bao/my_tf_broadcaster/install/my_tf_broadcaster/share/my_tf_broadcaster/hook/pythonpath.ps1'
[24.151s] INFO:colcon.colcon_core.shell:Creating environment descriptor '/home/bao/my_tf_broadcaster/install/my_tf_broadcaster/share/my_tf_broadcaster/hook/pythonpath.dsv'
[24.152s] INFO:colcon.colcon_core.shell:Creating environment hook '/home/bao/my_tf_broadcaster/install/my_tf_broadcaster/share/my_tf_broadcaster/hook/pythonpath.sh'
[24.154s] Level 1:colcon.colcon_core.environment:checking '/home/bao/my_tf_broadcaster/install/my_tf_broadcaster/bin'
[24.154s] Level 1:colcon.colcon_core.environment:create_environment_scripts_only(my_tf_broadcaster)
[24.154s] INFO:colcon.colcon_core.shell:Creating package script '/home/bao/my_tf_broadcaster/install/my_tf_broadcaster/share/my_tf_broadcaster/package.ps1'
[24.163s] INFO:colcon.colcon_core.shell:Creating package descriptor '/home/bao/my_tf_broadcaster/install/my_tf_broadcaster/share/my_tf_broadcaster/package.dsv'
[24.194s] INFO:colcon.colcon_core.shell:Creating package script '/home/bao/my_tf_broadcaster/install/my_tf_broadcaster/share/my_tf_broadcaster/package.sh'
[24.195s] INFO:colcon.colcon_core.shell:Creating package script '/home/bao/my_tf_broadcaster/install/my_tf_broadcaster/share/my_tf_broadcaster/package.bash'
[24.223s] INFO:colcon.colcon_core.shell:Creating package script '/home/bao/my_tf_broadcaster/install/my_tf_broadcaster/share/my_tf_broadcaster/package.zsh'
[24.233s] Level 1:colcon.colcon_core.environment:create_file_with_runtime_dependencies(/home/bao/my_tf_broadcaster/install/my_tf_broadcaster/share/colcon-core/packages/my_tf_broadcaster)
[24.234s] DEBUG:colcon.colcon_parallel_executor.executor.parallel:closing loop
[24.234s] DEBUG:colcon.colcon_parallel_executor.executor.parallel:loop closed
[24.234s] DEBUG:colcon.colcon_parallel_executor.executor.parallel:run_until_complete finished with '0'
[24.234s] DEBUG:colcon.colcon_core.event_reactor:joining thread
[24.364s] INFO:colcon.colcon_core.plugin_system:Skipping extension 'colcon_notification.desktop_notification.terminal_notifier': Not used on non-Darwin systems
[24.364s] INFO:colcon.colcon_core.plugin_system:Skipping extension 'colcon_notification.desktop_notification.win32': Not used on non-Windows systems
[24.364s] INFO:colcon.colcon_notification.desktop_notification:Sending desktop notification using 'notify2'
[24.872s] DEBUG:colcon.colcon_core.event_reactor:joined thread
[24.873s] INFO:colcon.colcon_core.shell:Creating prefix script '/home/bao/my_tf_broadcaster/install/local_setup.ps1'
[24.875s] INFO:colcon.colcon_core.shell:Creating prefix util module '/home/bao/my_tf_broadcaster/install/_local_setup_util_ps1.py'
[24.879s] INFO:colcon.colcon_core.shell:Creating prefix chain script '/home/bao/my_tf_broadcaster/install/setup.ps1'
[24.881s] INFO:colcon.colcon_core.shell:Creating prefix script '/home/bao/my_tf_broadcaster/install/local_setup.sh'
[24.883s] INFO:colcon.colcon_core.shell:Creating prefix util module '/home/bao/my_tf_broadcaster/install/_local_setup_util_sh.py'
[24.884s] INFO:colcon.colcon_core.shell:Creating prefix chain script '/home/bao/my_tf_broadcaster/install/setup.sh'
[24.886s] INFO:colcon.colcon_core.shell:Creating prefix script '/home/bao/my_tf_broadcaster/install/local_setup.bash'
[24.887s] INFO:colcon.colcon_core.shell:Creating prefix chain script '/home/bao/my_tf_broadcaster/install/setup.bash'
[24.889s] INFO:colcon.colcon_core.shell:Creating prefix script '/home/bao/my_tf_broadcaster/install/local_setup.zsh'
[24.891s] INFO:colcon.colcon_core.shell:Creating prefix chain script '/home/bao/my_tf_broadcaster/install/setup.zsh'
