[3.099s] DEBUG:colcon:Command line arguments: ['/usr/bin/colcon', 'build']
[3.099s] DEBUG:colcon:Parsed command line arguments: Namespace(log_base=None, log_level=None, verb_name='build', build_base='build', install_base='install', merge_install=False, symlink_install=False, test_result_base=None, continue_on_error=False, executor='parallel', parallel_workers=12, event_handlers=None, ignore_user_meta=False, metas=['./colcon.meta'], base_paths=['.'], packages_ignore=None, packages_ignore_regex=None, paths=None, packages_up_to=None, packages_up_to_regex=None, packages_above=None, packages_above_and_dependencies=None, packages_above_depth=None, packages_select_by_dep=None, packages_skip_by_dep=None, packages_skip_up_to=None, packages_select_build_failed=False, packages_skip_build_finished=False, packages_select_test_failures=False, packages_skip_test_passed=False, packages_select=None, packages_skip=None, packages_select_regex=None, packages_skip_regex=None, packages_start=None, packages_end=None, allow_overriding=[], cmake_args=None, cmake_target=None, cmake_target_skip_unavailable=False, cmake_clean_cache=False, cmake_clean_first=False, cmake_force_configure=False, ament_cmake_args=None, catkin_cmake_args=None, catkin_skip_building_tests=False, mixin_files=None, mixin=None, verb_parser=<colcon_mixin.mixin.mixin_argument.MixinArgumentDecorator object at 0x77571063fc70>, verb_extension=<colcon_core.verb.build.BuildVerb object at 0x77571077c430>, main=<bound method BuildVerb.main of <colcon_core.verb.build.BuildVerb object at 0x77571077c430>>, mixin_verb=('build',))
[12.666s] Level 1:colcon.colcon_core.package_discovery:discover_packages(colcon_meta) check parameters
[12.666s] Level 1:colcon.colcon_core.package_discovery:discover_packages(recursive) check parameters
[12.666s] Level 1:colcon.colcon_core.package_discovery:discover_packages(ignore) check parameters
[12.666s] Level 1:colcon.colcon_core.package_discovery:discover_packages(path) check parameters
[12.666s] Level 1:colcon.colcon_core.package_discovery:discover_packages(colcon_meta) discover
[12.666s] Level 1:colcon.colcon_core.package_discovery:discover_packages(recursive) discover
[12.667s] INFO:colcon.colcon_core.package_discovery:Crawling recursively for packages in '/home/bao/my_tf_broadcaster'
[12.667s] Level 1:colcon.colcon_core.package_identification:_identify(.) by extensions ['ignore', 'ignore_ament_install']
[12.667s] Level 1:colcon.colcon_core.package_identification:_identify(.) by extension 'ignore'
[12.667s] Level 1:colcon.colcon_core.package_identification:_identify(.) by extension 'ignore_ament_install'
[12.667s] Level 1:colcon.colcon_core.package_identification:_identify(.) by extensions ['colcon_pkg']
[12.667s] Level 1:colcon.colcon_core.package_identification:_identify(.) by extension 'colcon_pkg'
[12.667s] Level 1:colcon.colcon_core.package_identification:_identify(.) by extensions ['colcon_meta']
[12.668s] Level 1:colcon.colcon_core.package_identification:_identify(.) by extension 'colcon_meta'
[12.668s] Level 1:colcon.colcon_core.package_identification:_identify(.) by extensions ['ros']
[12.668s] Level 1:colcon.colcon_core.package_identification:_identify(.) by extension 'ros'
[12.749s] DEBUG:colcon.colcon_core.package_identification:Package '.' with type 'ros.ament_python' and name 'my_tf_broadcaster'
[12.749s] Level 1:colcon.colcon_core.package_discovery:discover_packages(recursive) using defaults
[12.749s] Level 1:colcon.colcon_core.package_discovery:discover_packages(ignore) discover
[12.749s] Level 1:colcon.colcon_core.package_discovery:discover_packages(ignore) using defaults
[12.749s] Level 1:colcon.colcon_core.package_discovery:discover_packages(path) discover
[12.749s] Level 1:colcon.colcon_core.package_discovery:discover_packages(path) using defaults
[12.951s] Level 1:colcon.colcon_core.package_discovery:discover_packages(prefix_path) check parameters
[12.952s] Level 1:colcon.colcon_core.package_discovery:discover_packages(prefix_path) discover
[12.955s] DEBUG:colcon.colcon_installed_package_information.package_discovery:Found 1 installed packages in /home/bao/my_tf_broadcaster/install
[12.957s] DEBUG:colcon.colcon_installed_package_information.package_discovery:Found 418 installed packages in /opt/ros/humble
[12.958s] Level 1:colcon.colcon_core.package_discovery:discover_packages(prefix_path) using defaults
[12.999s] Level 5:colcon.colcon_core.verb:set package 'my_tf_broadcaster' build argument 'cmake_args' from command line to 'None'
[12.999s] Level 5:colcon.colcon_core.verb:set package 'my_tf_broadcaster' build argument 'cmake_target' from command line to 'None'
[12.999s] Level 5:colcon.colcon_core.verb:set package 'my_tf_broadcaster' build argument 'cmake_target_skip_unavailable' from command line to 'False'
[12.999s] Level 5:colcon.colcon_core.verb:set package 'my_tf_broadcaster' build argument 'cmake_clean_cache' from command line to 'False'
[12.999s] Level 5:colcon.colcon_core.verb:set package 'my_tf_broadcaster' build argument 'cmake_clean_first' from command line to 'False'
[12.999s] Level 5:colcon.colcon_core.verb:set package 'my_tf_broadcaster' build argument 'cmake_force_configure' from command line to 'False'
[12.999s] Level 5:colcon.colcon_core.verb:set package 'my_tf_broadcaster' build argument 'ament_cmake_args' from command line to 'None'
[12.999s] Level 5:colcon.colcon_core.verb:set package 'my_tf_broadcaster' build argument 'catkin_cmake_args' from command line to 'None'
[12.999s] Level 5:colcon.colcon_core.verb:set package 'my_tf_broadcaster' build argument 'catkin_skip_building_tests' from command line to 'False'
[12.999s] DEBUG:colcon.colcon_core.verb:Building package 'my_tf_broadcaster' with the following arguments: {'ament_cmake_args': None, 'build_base': '/home/bao/my_tf_broadcaster/build/my_tf_broadcaster', 'catkin_cmake_args': None, 'catkin_skip_building_tests': False, 'cmake_args': None, 'cmake_clean_cache': False, 'cmake_clean_first': False, 'cmake_force_configure': False, 'cmake_target': None, 'cmake_target_skip_unavailable': False, 'install_base': '/home/bao/my_tf_broadcaster/install/my_tf_broadcaster', 'merge_install': False, 'path': '/home/bao/my_tf_broadcaster', 'symlink_install': False, 'test_result_base': None}
[12.999s] INFO:colcon.colcon_core.executor:Executing jobs using 'parallel' executor
[13.000s] DEBUG:colcon.colcon_parallel_executor.executor.parallel:run_until_complete
[13.000s] INFO:colcon.colcon_ros.task.ament_python.build:Building ROS package in '/home/bao/my_tf_broadcaster' with build type 'ament_python'
[13.000s] Level 1:colcon.colcon_core.shell:create_environment_hook('my_tf_broadcaster', 'ament_prefix_path')
[13.016s] INFO:colcon.colcon_core.plugin_system:Skipping extension 'colcon_core.shell.bat': Not used on non-Windows systems
[13.016s] INFO:colcon.colcon_core.shell:Creating environment hook '/home/bao/my_tf_broadcaster/install/my_tf_broadcaster/share/my_tf_broadcaster/hook/ament_prefix_path.ps1'
[13.017s] INFO:colcon.colcon_core.shell:Creating environment descriptor '/home/bao/my_tf_broadcaster/install/my_tf_broadcaster/share/my_tf_broadcaster/hook/ament_prefix_path.dsv'
[13.047s] INFO:colcon.colcon_core.shell:Creating environment hook '/home/bao/my_tf_broadcaster/install/my_tf_broadcaster/share/my_tf_broadcaster/hook/ament_prefix_path.sh'
[13.048s] INFO:colcon.colcon_core.shell:Skip shell extension 'powershell' for command environment: Not usable outside of PowerShell
[13.048s] DEBUG:colcon.colcon_core.shell:Skip shell extension 'dsv' for command environment
[13.551s] INFO:colcon.colcon_core.task.python.build:Building Python package in '/home/bao/my_tf_broadcaster'
[13.551s] INFO:colcon.colcon_core.shell:Skip shell extension 'powershell' for command environment: Not usable outside of PowerShell
[13.552s] DEBUG:colcon.colcon_core.shell:Skip shell extension 'dsv' for command environment
[15.980s] DEBUG:colcon.colcon_core.event_handler.log_command:Invoking command in '/home/bao/my_tf_broadcaster': PYTHONPATH=/home/bao/my_tf_broadcaster/build/my_tf_broadcaster/prefix_override:/usr/lib/python3/dist-packages/colcon_core/task/python/colcon_distutils_commands:/home/bao/my_tf_broadcaster/install/my_tf_broadcaster/lib/python3.10/site-packages:${PYTHONPATH} /usr/bin/python3 -W ignore:setup.py install is deprecated setup.py egg_info --egg-base build/my_tf_broadcaster build --build-base /home/bao/my_tf_broadcaster/build/my_tf_broadcaster/build install --record /home/bao/my_tf_broadcaster/build/my_tf_broadcaster/install.log --single-version-externally-managed install_data
[16.688s] DEBUG:colcon.colcon_core.event_handler.log_command:Invoked command in '/home/bao/my_tf_broadcaster' returned '0': PYTHONPATH=/home/bao/my_tf_broadcaster/build/my_tf_broadcaster/prefix_override:/usr/lib/python3/dist-packages/colcon_core/task/python/colcon_distutils_commands:/home/bao/my_tf_broadcaster/install/my_tf_broadcaster/lib/python3.10/site-packages:${PYTHONPATH} /usr/bin/python3 -W ignore:setup.py install is deprecated setup.py egg_info --egg-base build/my_tf_broadcaster build --build-base /home/bao/my_tf_broadcaster/build/my_tf_broadcaster/build install --record /home/bao/my_tf_broadcaster/build/my_tf_broadcaster/install.log --single-version-externally-managed install_data
[16.809s] Level 1:colcon.colcon_core.environment:checking '/home/bao/my_tf_broadcaster/install/my_tf_broadcaster' for CMake module files
[16.811s] Level 1:colcon.colcon_core.environment:checking '/home/bao/my_tf_broadcaster/install/my_tf_broadcaster' for CMake config files
[16.812s] Level 1:colcon.colcon_core.environment:checking '/home/bao/my_tf_broadcaster/install/my_tf_broadcaster/lib'
[16.812s] Level 1:colcon.colcon_core.environment:checking '/home/bao/my_tf_broadcaster/install/my_tf_broadcaster/bin'
[16.812s] Level 1:colcon.colcon_core.environment:checking '/home/bao/my_tf_broadcaster/install/my_tf_broadcaster/lib/pkgconfig/my_tf_broadcaster.pc'
[16.813s] Level 1:colcon.colcon_core.environment:checking '/home/bao/my_tf_broadcaster/install/my_tf_broadcaster/lib/python3.10/site-packages'
[16.813s] Level 1:colcon.colcon_core.shell:create_environment_hook('my_tf_broadcaster', 'pythonpath')
[16.814s] INFO:colcon.colcon_core.shell:Creating environment hook '/home/bao/my_tf_broadcaster/install/my_tf_broadcaster/share/my_tf_broadcaster/hook/pythonpath.ps1'
[16.814s] INFO:colcon.colcon_core.shell:Creating environment descriptor '/home/bao/my_tf_broadcaster/install/my_tf_broadcaster/share/my_tf_broadcaster/hook/pythonpath.dsv'
[16.815s] INFO:colcon.colcon_core.shell:Creating environment hook '/home/bao/my_tf_broadcaster/install/my_tf_broadcaster/share/my_tf_broadcaster/hook/pythonpath.sh'
[16.816s] Level 1:colcon.colcon_core.environment:checking '/home/bao/my_tf_broadcaster/install/my_tf_broadcaster/bin'
[16.817s] Level 1:colcon.colcon_core.environment:create_environment_scripts_only(my_tf_broadcaster)
[16.817s] INFO:colcon.colcon_core.shell:Creating package script '/home/bao/my_tf_broadcaster/install/my_tf_broadcaster/share/my_tf_broadcaster/package.ps1'
[16.827s] INFO:colcon.colcon_core.shell:Creating package descriptor '/home/bao/my_tf_broadcaster/install/my_tf_broadcaster/share/my_tf_broadcaster/package.dsv'
[16.854s] INFO:colcon.colcon_core.shell:Creating package script '/home/bao/my_tf_broadcaster/install/my_tf_broadcaster/share/my_tf_broadcaster/package.sh'
[16.855s] INFO:colcon.colcon_core.shell:Creating package script '/home/bao/my_tf_broadcaster/install/my_tf_broadcaster/share/my_tf_broadcaster/package.bash'
[16.880s] INFO:colcon.colcon_core.shell:Creating package script '/home/bao/my_tf_broadcaster/install/my_tf_broadcaster/share/my_tf_broadcaster/package.zsh'
[16.892s] Level 1:colcon.colcon_core.environment:create_file_with_runtime_dependencies(/home/bao/my_tf_broadcaster/install/my_tf_broadcaster/share/colcon-core/packages/my_tf_broadcaster)
[16.893s] DEBUG:colcon.colcon_parallel_executor.executor.parallel:closing loop
[16.894s] DEBUG:colcon.colcon_parallel_executor.executor.parallel:loop closed
[16.894s] DEBUG:colcon.colcon_parallel_executor.executor.parallel:run_until_complete finished with '0'
[16.894s] DEBUG:colcon.colcon_core.event_reactor:joining thread
[17.018s] INFO:colcon.colcon_core.plugin_system:Skipping extension 'colcon_notification.desktop_notification.terminal_notifier': Not used on non-Darwin systems
[17.018s] INFO:colcon.colcon_core.plugin_system:Skipping extension 'colcon_notification.desktop_notification.win32': Not used on non-Windows systems
[17.018s] INFO:colcon.colcon_notification.desktop_notification:Sending desktop notification using 'notify2'
[17.235s] DEBUG:colcon.colcon_core.event_reactor:joined thread
[17.236s] INFO:colcon.colcon_core.shell:Creating prefix script '/home/bao/my_tf_broadcaster/install/local_setup.ps1'
[17.238s] INFO:colcon.colcon_core.shell:Creating prefix util module '/home/bao/my_tf_broadcaster/install/_local_setup_util_ps1.py'
[17.241s] INFO:colcon.colcon_core.shell:Creating prefix chain script '/home/bao/my_tf_broadcaster/install/setup.ps1'
[17.244s] INFO:colcon.colcon_core.shell:Creating prefix script '/home/bao/my_tf_broadcaster/install/local_setup.sh'
[17.245s] INFO:colcon.colcon_core.shell:Creating prefix util module '/home/bao/my_tf_broadcaster/install/_local_setup_util_sh.py'
[17.246s] INFO:colcon.colcon_core.shell:Creating prefix chain script '/home/bao/my_tf_broadcaster/install/setup.sh'
[17.248s] INFO:colcon.colcon_core.shell:Creating prefix script '/home/bao/my_tf_broadcaster/install/local_setup.bash'
[17.250s] INFO:colcon.colcon_core.shell:Creating prefix chain script '/home/bao/my_tf_broadcaster/install/setup.bash'
[17.252s] INFO:colcon.colcon_core.shell:Creating prefix script '/home/bao/my_tf_broadcaster/install/local_setup.zsh'
[17.253s] INFO:colcon.colcon_core.shell:Creating prefix chain script '/home/bao/my_tf_broadcaster/install/setup.zsh'
