[0.760s] DEBUG:colcon:Command line arguments: ['/usr/bin/colcon', 'build']
[0.760s] DEBUG:colcon:Parsed command line arguments: Namespace(log_base=None, log_level=None, verb_name='build', build_base='build', install_base='install', merge_install=False, symlink_install=False, test_result_base=None, continue_on_error=False, executor='parallel', parallel_workers=12, event_handlers=None, ignore_user_meta=False, metas=['./colcon.meta'], base_paths=['.'], packages_ignore=None, packages_ignore_regex=None, paths=None, packages_up_to=None, packages_up_to_regex=None, packages_above=None, packages_above_and_dependencies=None, packages_above_depth=None, packages_select_by_dep=None, packages_skip_by_dep=None, packages_skip_up_to=None, packages_select_build_failed=False, packages_skip_build_finished=False, packages_select_test_failures=False, packages_skip_test_passed=False, packages_select=None, packages_skip=None, packages_select_regex=None, packages_skip_regex=None, packages_start=None, packages_end=None, allow_overriding=[], cmake_args=None, cmake_target=None, cmake_target_skip_unavailable=False, cmake_clean_cache=False, cmake_clean_first=False, cmake_force_configure=False, ament_cmake_args=None, catkin_cmake_args=None, catkin_skip_building_tests=False, mixin_files=None, mixin=None, verb_parser=<colcon_mixin.mixin.mixin_argument.MixinArgumentDecorator object at 0x7f7e5483bc70>, verb_extension=<colcon_core.verb.build.BuildVerb object at 0x7f7e54978430>, main=<bound method BuildVerb.main of <colcon_core.verb.build.BuildVerb object at 0x7f7e54978430>>, mixin_verb=('build',))
[4.794s] Level 1:colcon.colcon_core.package_discovery:discover_packages(colcon_meta) check parameters
[4.794s] Level 1:colcon.colcon_core.package_discovery:discover_packages(recursive) check parameters
[4.794s] Level 1:colcon.colcon_core.package_discovery:discover_packages(ignore) check parameters
[4.794s] Level 1:colcon.colcon_core.package_discovery:discover_packages(path) check parameters
[4.794s] Level 1:colcon.colcon_core.package_discovery:discover_packages(colcon_meta) discover
[4.795s] Level 1:colcon.colcon_core.package_discovery:discover_packages(recursive) discover
[4.795s] INFO:colcon.colcon_core.package_discovery:Crawling recursively for packages in '/home/bao/my_tf_broadcaster'
[4.795s] Level 1:colcon.colcon_core.package_identification:_identify(.) by extensions ['ignore', 'ignore_ament_install']
[4.795s] Level 1:colcon.colcon_core.package_identification:_identify(.) by extension 'ignore'
[4.795s] Level 1:colcon.colcon_core.package_identification:_identify(.) by extension 'ignore_ament_install'
[4.795s] Level 1:colcon.colcon_core.package_identification:_identify(.) by extensions ['colcon_pkg']
[4.795s] Level 1:colcon.colcon_core.package_identification:_identify(.) by extension 'colcon_pkg'
[4.796s] Level 1:colcon.colcon_core.package_identification:_identify(.) by extensions ['colcon_meta']
[4.796s] Level 1:colcon.colcon_core.package_identification:_identify(.) by extension 'colcon_meta'
[4.796s] Level 1:colcon.colcon_core.package_identification:_identify(.) by extensions ['ros']
[4.796s] Level 1:colcon.colcon_core.package_identification:_identify(.) by extension 'ros'
[4.879s] DEBUG:colcon.colcon_core.package_identification:Package '.' with type 'ros.ament_python' and name 'my_tf_broadcaster'
[4.879s] Level 1:colcon.colcon_core.package_discovery:discover_packages(recursive) using defaults
[4.879s] Level 1:colcon.colcon_core.package_discovery:discover_packages(ignore) discover
[4.879s] Level 1:colcon.colcon_core.package_discovery:discover_packages(ignore) using defaults
[4.879s] Level 1:colcon.colcon_core.package_discovery:discover_packages(path) discover
[4.879s] Level 1:colcon.colcon_core.package_discovery:discover_packages(path) using defaults
[5.160s] Level 1:colcon.colcon_core.package_discovery:discover_packages(prefix_path) check parameters
[5.160s] Level 1:colcon.colcon_core.package_discovery:discover_packages(prefix_path) discover
[5.165s] DEBUG:colcon.colcon_installed_package_information.package_discovery:Found 1 installed packages in /home/bao/my_tf_broadcaster/install
[5.171s] DEBUG:colcon.colcon_installed_package_information.package_discovery:Found 419 installed packages in /opt/ros/humble
[5.175s] Level 1:colcon.colcon_core.package_discovery:discover_packages(prefix_path) using defaults
[5.246s] Level 5:colcon.colcon_core.verb:set package 'my_tf_broadcaster' build argument 'cmake_args' from command line to 'None'
[5.247s] Level 5:colcon.colcon_core.verb:set package 'my_tf_broadcaster' build argument 'cmake_target' from command line to 'None'
[5.247s] Level 5:colcon.colcon_core.verb:set package 'my_tf_broadcaster' build argument 'cmake_target_skip_unavailable' from command line to 'False'
[5.247s] Level 5:colcon.colcon_core.verb:set package 'my_tf_broadcaster' build argument 'cmake_clean_cache' from command line to 'False'
[5.247s] Level 5:colcon.colcon_core.verb:set package 'my_tf_broadcaster' build argument 'cmake_clean_first' from command line to 'False'
[5.247s] Level 5:colcon.colcon_core.verb:set package 'my_tf_broadcaster' build argument 'cmake_force_configure' from command line to 'False'
[5.247s] Level 5:colcon.colcon_core.verb:set package 'my_tf_broadcaster' build argument 'ament_cmake_args' from command line to 'None'
[5.247s] Level 5:colcon.colcon_core.verb:set package 'my_tf_broadcaster' build argument 'catkin_cmake_args' from command line to 'None'
[5.247s] Level 5:colcon.colcon_core.verb:set package 'my_tf_broadcaster' build argument 'catkin_skip_building_tests' from command line to 'False'
[5.247s] DEBUG:colcon.colcon_core.verb:Building package 'my_tf_broadcaster' with the following arguments: {'ament_cmake_args': None, 'build_base': '/home/bao/my_tf_broadcaster/build/my_tf_broadcaster', 'catkin_cmake_args': None, 'catkin_skip_building_tests': False, 'cmake_args': None, 'cmake_clean_cache': False, 'cmake_clean_first': False, 'cmake_force_configure': False, 'cmake_target': None, 'cmake_target_skip_unavailable': False, 'install_base': '/home/bao/my_tf_broadcaster/install/my_tf_broadcaster', 'merge_install': False, 'path': '/home/bao/my_tf_broadcaster', 'symlink_install': False, 'test_result_base': None}
[5.247s] INFO:colcon.colcon_core.executor:Executing jobs using 'parallel' executor
[5.248s] DEBUG:colcon.colcon_parallel_executor.executor.parallel:run_until_complete
[5.248s] INFO:colcon.colcon_ros.task.ament_python.build:Building ROS package in '/home/bao/my_tf_broadcaster' with build type 'ament_python'
[5.248s] Level 1:colcon.colcon_core.shell:create_environment_hook('my_tf_broadcaster', 'ament_prefix_path')
[5.272s] INFO:colcon.colcon_core.plugin_system:Skipping extension 'colcon_core.shell.bat': Not used on non-Windows systems
[5.272s] INFO:colcon.colcon_core.shell:Creating environment hook '/home/bao/my_tf_broadcaster/install/my_tf_broadcaster/share/my_tf_broadcaster/hook/ament_prefix_path.ps1'
[5.293s] INFO:colcon.colcon_core.shell:Creating environment descriptor '/home/bao/my_tf_broadcaster/install/my_tf_broadcaster/share/my_tf_broadcaster/hook/ament_prefix_path.dsv'
[5.322s] INFO:colcon.colcon_core.shell:Creating environment hook '/home/bao/my_tf_broadcaster/install/my_tf_broadcaster/share/my_tf_broadcaster/hook/ament_prefix_path.sh'
[5.322s] INFO:colcon.colcon_core.shell:Skip shell extension 'powershell' for command environment: Not usable outside of PowerShell
[5.323s] DEBUG:colcon.colcon_core.shell:Skip shell extension 'dsv' for command environment
[6.072s] INFO:colcon.colcon_core.task.python.build:Building Python package in '/home/bao/my_tf_broadcaster'
[6.072s] INFO:colcon.colcon_core.shell:Skip shell extension 'powershell' for command environment: Not usable outside of PowerShell
[6.072s] DEBUG:colcon.colcon_core.shell:Skip shell extension 'dsv' for command environment
[8.717s] DEBUG:colcon.colcon_core.event_handler.log_command:Invoking command in '/home/bao/my_tf_broadcaster': PYTHONPATH=/home/bao/my_tf_broadcaster/build/my_tf_broadcaster/prefix_override:/usr/lib/python3/dist-packages/colcon_core/task/python/colcon_distutils_commands:/home/bao/my_tf_broadcaster/install/my_tf_broadcaster/lib/python3.10/site-packages:${PYTHONPATH} /usr/bin/python3 -W ignore:setup.py install is deprecated setup.py egg_info --egg-base build/my_tf_broadcaster build --build-base /home/bao/my_tf_broadcaster/build/my_tf_broadcaster/build install --record /home/bao/my_tf_broadcaster/build/my_tf_broadcaster/install.log --single-version-externally-managed install_data
[9.486s] DEBUG:colcon.colcon_core.event_handler.log_command:Invoked command in '/home/bao/my_tf_broadcaster' returned '0': PYTHONPATH=/home/bao/my_tf_broadcaster/build/my_tf_broadcaster/prefix_override:/usr/lib/python3/dist-packages/colcon_core/task/python/colcon_distutils_commands:/home/bao/my_tf_broadcaster/install/my_tf_broadcaster/lib/python3.10/site-packages:${PYTHONPATH} /usr/bin/python3 -W ignore:setup.py install is deprecated setup.py egg_info --egg-base build/my_tf_broadcaster build --build-base /home/bao/my_tf_broadcaster/build/my_tf_broadcaster/build install --record /home/bao/my_tf_broadcaster/build/my_tf_broadcaster/install.log --single-version-externally-managed install_data
[9.596s] Level 1:colcon.colcon_core.environment:checking '/home/bao/my_tf_broadcaster/install/my_tf_broadcaster' for CMake module files
[9.597s] Level 1:colcon.colcon_core.environment:checking '/home/bao/my_tf_broadcaster/install/my_tf_broadcaster' for CMake config files
[9.597s] Level 1:colcon.colcon_core.environment:checking '/home/bao/my_tf_broadcaster/install/my_tf_broadcaster/lib'
[9.597s] Level 1:colcon.colcon_core.environment:checking '/home/bao/my_tf_broadcaster/install/my_tf_broadcaster/bin'
[9.597s] Level 1:colcon.colcon_core.environment:checking '/home/bao/my_tf_broadcaster/install/my_tf_broadcaster/lib/pkgconfig/my_tf_broadcaster.pc'
[9.597s] Level 1:colcon.colcon_core.environment:checking '/home/bao/my_tf_broadcaster/install/my_tf_broadcaster/lib/python3.10/site-packages'
[9.597s] Level 1:colcon.colcon_core.shell:create_environment_hook('my_tf_broadcaster', 'pythonpath')
[9.598s] INFO:colcon.colcon_core.shell:Creating environment hook '/home/bao/my_tf_broadcaster/install/my_tf_broadcaster/share/my_tf_broadcaster/hook/pythonpath.ps1'
[9.598s] INFO:colcon.colcon_core.shell:Creating environment descriptor '/home/bao/my_tf_broadcaster/install/my_tf_broadcaster/share/my_tf_broadcaster/hook/pythonpath.dsv'
[9.598s] INFO:colcon.colcon_core.shell:Creating environment hook '/home/bao/my_tf_broadcaster/install/my_tf_broadcaster/share/my_tf_broadcaster/hook/pythonpath.sh'
[9.599s] Level 1:colcon.colcon_core.environment:checking '/home/bao/my_tf_broadcaster/install/my_tf_broadcaster/bin'
[9.599s] Level 1:colcon.colcon_core.environment:create_environment_scripts_only(my_tf_broadcaster)
[9.599s] INFO:colcon.colcon_core.shell:Creating package script '/home/bao/my_tf_broadcaster/install/my_tf_broadcaster/share/my_tf_broadcaster/package.ps1'
[9.606s] INFO:colcon.colcon_core.shell:Creating package descriptor '/home/bao/my_tf_broadcaster/install/my_tf_broadcaster/share/my_tf_broadcaster/package.dsv'
[9.631s] INFO:colcon.colcon_core.shell:Creating package script '/home/bao/my_tf_broadcaster/install/my_tf_broadcaster/share/my_tf_broadcaster/package.sh'
[9.633s] INFO:colcon.colcon_core.shell:Creating package script '/home/bao/my_tf_broadcaster/install/my_tf_broadcaster/share/my_tf_broadcaster/package.bash'
[9.662s] INFO:colcon.colcon_core.shell:Creating package script '/home/bao/my_tf_broadcaster/install/my_tf_broadcaster/share/my_tf_broadcaster/package.zsh'
[9.714s] Level 1:colcon.colcon_core.environment:create_file_with_runtime_dependencies(/home/bao/my_tf_broadcaster/install/my_tf_broadcaster/share/colcon-core/packages/my_tf_broadcaster)
[9.715s] DEBUG:colcon.colcon_parallel_executor.executor.parallel:closing loop
[9.716s] DEBUG:colcon.colcon_parallel_executor.executor.parallel:loop closed
[9.716s] DEBUG:colcon.colcon_parallel_executor.executor.parallel:run_until_complete finished with '0'
[9.716s] DEBUG:colcon.colcon_core.event_reactor:joining thread
[9.887s] INFO:colcon.colcon_core.plugin_system:Skipping extension 'colcon_notification.desktop_notification.terminal_notifier': Not used on non-Darwin systems
[9.887s] INFO:colcon.colcon_core.plugin_system:Skipping extension 'colcon_notification.desktop_notification.win32': Not used on non-Windows systems
[9.887s] INFO:colcon.colcon_notification.desktop_notification:Sending desktop notification using 'notify2'
[9.938s] DEBUG:colcon.colcon_core.event_reactor:joined thread
[9.939s] INFO:colcon.colcon_core.shell:Creating prefix script '/home/bao/my_tf_broadcaster/install/local_setup.ps1'
[9.941s] INFO:colcon.colcon_core.shell:Creating prefix util module '/home/bao/my_tf_broadcaster/install/_local_setup_util_ps1.py'
[9.944s] INFO:colcon.colcon_core.shell:Creating prefix chain script '/home/bao/my_tf_broadcaster/install/setup.ps1'
[9.946s] INFO:colcon.colcon_core.shell:Creating prefix script '/home/bao/my_tf_broadcaster/install/local_setup.sh'
[9.948s] INFO:colcon.colcon_core.shell:Creating prefix util module '/home/bao/my_tf_broadcaster/install/_local_setup_util_sh.py'
[9.948s] INFO:colcon.colcon_core.shell:Creating prefix chain script '/home/bao/my_tf_broadcaster/install/setup.sh'
[9.950s] INFO:colcon.colcon_core.shell:Creating prefix script '/home/bao/my_tf_broadcaster/install/local_setup.bash'
[9.951s] INFO:colcon.colcon_core.shell:Creating prefix chain script '/home/bao/my_tf_broadcaster/install/setup.bash'
[9.953s] INFO:colcon.colcon_core.shell:Creating prefix script '/home/bao/my_tf_broadcaster/install/local_setup.zsh'
[9.954s] INFO:colcon.colcon_core.shell:Creating prefix chain script '/home/bao/my_tf_broadcaster/install/setup.zsh'
